<?xml version="1.0" encoding="UTF-8"?>
<!-- Generated by org.testng.reporters.JUnitReportReporter -->
<testsuite hostname="DESKTOP-GJK2CFG" failures="0" tests="2" name="test_Cases.Test_login" time="12.287" errors="0" timestamp="2024-06-17T20:16:21 IST" skipped="0">
  <testcase classname="test_Cases.Test_login" name="test_login" time="12.271"/>
  <testcase classname="test_Cases.Test_login" name="disp" time="0.016">
    <system-out>
      <![CDATA[Hi Sachin : this is sceond test method]]>
    </system-out>
  </testcase> <!-- disp -->
  <system-out>
    <![CDATA[Hi Sachin : this is sceond test method]]>
  </system-out>
</testsuite> <!-- test_Cases.Test_login -->
