<?xml version="1.0" encoding="UTF-8"?>
<!-- Generated by org.testng.reporters.JUnitReportReporter -->
<testsuite hostname="DESKTOP-GJK2CFG" failures="0" tests="1" name="test_Cases.TC_login2" time="6.528" errors="0" timestamp="2024-06-11T14:53:17 IST" skipped="0">
  <testcase classname="test_Cases.TC_login2" name="disp" time="6.528"/>
</testsuite> <!-- test_Cases.TC_login2 -->
